2024-04-17 17:45:44 Loading main app package /usr/lib/obsidian/obsidian.asar
2024-04-17 17:45:44 Checking for update using Github
2024-04-17 17:45:45 Success.
2024-04-17 17:45:45 Latest version is 1.5.12
2024-04-17 17:45:45 App is up to date.
2024-04-17 18:26:36 Loading main app package /usr/lib/obsidian/obsidian.asar
2024-04-17 18:26:36 Checking for update using Github
2024-04-17 18:26:37 Success.
2024-04-17 18:26:37 Latest version is 1.5.12
2024-04-17 18:26:37 App is up to date.
2024-04-17 18:29:35 Loading main app package /usr/lib/obsidian/obsidian.asar
2024-04-17 18:29:35 Checking for update using Github
2024-04-17 18:29:35 Success.
2024-04-17 18:29:35 Latest version is 1.5.12
2024-04-17 18:29:35 App is up to date.
2024-04-17 19:29:35 Checking for update using Github
2024-04-17 19:29:35 Success.
2024-04-17 19:29:35 Latest version is 1.5.12
2024-04-17 19:29:35 App is up to date.
2024-04-18 12:17:13 Loading main app package /usr/lib/obsidian/obsidian.asar
2024-04-18 12:17:13 Checking for update using Github
2024-04-18 12:17:13 Success.
2024-04-18 12:17:13 Latest version is 1.5.12
2024-04-18 12:17:13 App is up to date.
2024-04-18 13:17:13 Checking for update using Github
2024-04-18 13:17:13 Success.
2024-04-18 13:17:13 Latest version is 1.5.12
2024-04-18 13:17:13 App is up to date.
2024-04-18 14:17:13 Checking for update using Github
2024-04-18 14:17:13 Success.
2024-04-18 14:17:13 Latest version is 1.5.12
2024-04-18 14:17:13 App is up to date.
2024-04-18 15:17:13 Checking for update using Github
2024-04-18 15:17:13 Success.
2024-04-18 15:17:13 Latest version is 1.5.12
2024-04-18 15:17:13 App is up to date.
2024-04-19 11:47:48 Loading main app package /usr/lib/obsidian/obsidian.asar
2024-04-19 11:47:49 Checking for update using Github
2024-04-19 11:47:49 Success.
2024-04-19 11:47:49 Latest version is 1.5.12
2024-04-19 11:47:49 App is up to date.
2024-04-24 16:44:13 Loading main app package /usr/lib/obsidian/obsidian.asar
2024-04-24 16:44:13 Checking for update using Github
2024-04-24 16:44:13 Success.
2024-04-24 16:44:13 Latest version is 1.5.12
2024-04-24 16:44:13 App is up to date.
2024-04-24 17:44:13 Checking for update using Github
2024-04-24 17:44:13 Success.
2024-04-24 17:44:13 Latest version is 1.5.12
2024-04-24 17:44:13 App is up to date.
2024-04-24 18:44:13 Checking for update using Github
2024-04-24 18:44:13 Success.
2024-04-24 18:44:13 Latest version is 1.5.12
2024-04-24 18:44:13 App is up to date.
2024-04-24 19:44:13 Checking for update using Github
2024-04-24 19:44:33 Failed to check for update using Github (net::ERR_NAME_NOT_RESOLVED)
2024-04-24 19:44:33 Checking for update using obsidian.md
2024-04-24 19:44:53 Failed to check for update using obsidian.md (net::ERR_NAME_NOT_RESOLVED)
2024-04-24 20:44:13 Checking for update using Github
2024-04-24 20:44:13 Success.
2024-04-24 20:44:13 Latest version is 1.5.12
2024-04-24 20:44:13 App is up to date.
2024-04-24 21:44:13 Checking for update using Github
2024-04-24 21:44:13 Success.
2024-04-24 21:44:13 Latest version is 1.5.12
2024-04-24 21:44:13 App is up to date.
2024-05-01 21:33:08 Loading main app package /usr/lib/obsidian/obsidian.asar
2024-05-01 21:33:08 Checking for update using Github
2024-05-01 21:33:08 Success.
2024-05-01 21:33:08 Latest version is 1.5.12
2024-05-01 21:33:08 App is up to date.
2024-05-02 11:54:52 Loading main app package /usr/lib/obsidian/obsidian.asar
2024-05-02 11:54:53 Checking for update using Github
2024-05-02 11:54:53 Success.
2024-05-02 11:54:53 Latest version is 1.5.12
2024-05-02 11:54:53 App is up to date.
2024-05-09 08:07:03 Loading main app package /usr/lib/obsidian/obsidian.asar
2024-05-09 08:07:04 Checking for update using Github
2024-05-09 08:07:04 Success.
2024-05-09 08:07:04 Latest version is 1.5.12
2024-05-09 08:07:04 App is up to date.
2024-05-09 09:07:03 Checking for update using Github
2024-05-09 09:07:04 Success.
2024-05-09 09:07:04 Latest version is 1.5.12
2024-05-09 09:07:04 App is up to date.
2024-05-09 10:07:04 Checking for update using Github
2024-05-09 10:07:04 Success.
2024-05-09 10:07:04 Latest version is 1.5.12
2024-05-09 10:07:04 App is up to date.
2024-05-09 11:07:04 Checking for update using Github
2024-05-09 11:07:04 Success.
2024-05-09 11:07:04 Latest version is 1.5.12
2024-05-09 11:07:04 App is up to date.
2024-05-09 12:07:04 Checking for update using Github
2024-05-09 12:07:04 Success.
2024-05-09 12:07:04 Latest version is 1.5.12
2024-05-09 12:07:04 App is up to date.
2024-05-09 13:07:04 Checking for update using Github
2024-05-09 13:07:04 Success.
2024-05-09 13:07:04 Latest version is 1.5.12
2024-05-09 13:07:04 App is up to date.
2024-05-09 14:07:04 Checking for update using Github
2024-05-09 14:07:04 Success.
2024-05-09 14:07:04 Latest version is 1.5.12
2024-05-09 14:07:04 App is up to date.
2024-05-12 21:08:47 Loading main app package /usr/lib/obsidian/obsidian.asar
2024-05-12 21:08:47 Checking for update using Github
2024-05-12 21:08:48 Success.
2024-05-12 21:08:48 Latest version is 1.5.12
2024-05-12 21:08:48 App is up to date.
2024-05-20 17:44:57 Loading main app package /usr/lib/obsidian/obsidian.asar
2024-05-20 17:44:57 Checking for update using Github
2024-05-20 17:44:58 Success.
2024-05-20 17:44:58 Latest version is 1.5.12
2024-05-20 17:44:58 App is up to date.
2024-05-20 18:44:57 Checking for update using Github
2024-05-20 18:44:57 Success.
2024-05-20 18:44:57 Latest version is 1.5.12
2024-05-20 18:44:57 App is up to date.
2024-05-20 19:44:57 Checking for update using Github
2024-05-20 19:44:57 Success.
2024-05-20 19:44:57 Latest version is 1.5.12
2024-05-20 19:44:57 App is up to date.
2024-05-21 13:47:30 Loading main app package /usr/lib/obsidian/obsidian.asar
2024-05-21 13:47:31 Checking for update using Github
2024-05-21 13:47:31 Success.
2024-05-21 13:47:31 Latest version is 1.5.12
2024-05-21 13:47:31 App is up to date.
2024-05-22 15:14:06 Loading main app package /usr/lib/obsidian/obsidian.asar
2024-05-22 15:14:06 Checking for update using Github
2024-05-22 15:14:07 Success.
2024-05-22 15:14:07 Latest version is 1.5.12
2024-05-22 15:14:07 App is up to date.
2024-05-27 16:31:30 Loading main app package /usr/lib/obsidian/obsidian.asar
2024-05-27 16:31:30 Checking for update using Github
2024-05-27 16:31:30 Success.
2024-05-27 16:31:30 Latest version is 1.5.12
2024-05-27 16:31:30 App is up to date.
2024-07-02 16:30:51 Loading main app package /usr/lib/obsidian/obsidian.asar
2024-07-02 16:30:51 Checking for update using Github
2024-07-02 16:30:51 Success.
2024-07-02 16:30:51 Latest version is 1.6.5
2024-07-02 16:30:51 App is up to date.
2024-07-02 17:30:51 Checking for update using Github
2024-07-02 17:30:51 Success.
2024-07-02 17:30:51 Latest version is 1.6.5
2024-07-02 17:30:51 App is up to date.
2024-07-02 18:30:51 Checking for update using Github
2024-07-02 18:30:51 Success.
2024-07-02 18:30:51 Latest version is 1.6.5
2024-07-02 18:30:51 App is up to date.
2024-07-02 19:30:51 Checking for update using Github
2024-07-02 19:30:51 Success.
2024-07-02 19:30:51 Latest version is 1.6.5
2024-07-02 19:30:51 App is up to date.
2024-07-02 20:30:51 Checking for update using Github
2024-07-02 20:30:51 Success.
2024-07-02 20:30:51 Latest version is 1.6.5
2024-07-02 20:30:51 App is up to date.
2024-07-02 21:30:51 Checking for update using Github
2024-07-02 21:30:51 Success.
2024-07-02 21:30:51 Latest version is 1.6.5
2024-07-02 21:30:51 App is up to date.
2024-07-03 08:00:52 Loading main app package /usr/lib/obsidian/obsidian.asar
2024-07-03 08:00:52 Checking for update using Github
2024-07-03 08:00:53 Success.
2024-07-03 08:00:53 Latest version is 1.6.5
2024-07-03 08:00:53 App is up to date.
2024-07-10 16:42:45 Loading main app package /usr/lib/obsidian/obsidian.asar
2024-07-10 16:42:46 Checking for update using Github
2024-07-10 16:42:46 Success.
2024-07-10 16:42:46 Latest version is 1.6.5
2024-07-10 16:42:46 App is up to date.
2024-07-10 17:42:45 Checking for update using Github
2024-07-10 17:42:46 Success.
2024-07-10 17:42:46 Latest version is 1.6.5
2024-07-10 17:42:46 App is up to date.
2024-07-11 11:14:00 Loading main app package /usr/lib/obsidian/obsidian.asar
2024-07-11 11:14:01 Checking for update using Github
2024-07-11 11:14:01 Success.
2024-07-11 11:14:01 Latest version is 1.6.5
2024-07-11 11:14:01 App is up to date.
2024-07-11 12:14:01 Checking for update using Github
2024-07-11 12:14:01 Success.
2024-07-11 12:14:01 Latest version is 1.6.5
2024-07-11 12:14:01 App is up to date.
2024-07-14 09:21:54 Loading main app package /usr/lib/obsidian/obsidian.asar
2024-07-14 09:21:54 Checking for update using Github
2024-07-14 09:21:55 Success.
2024-07-14 09:21:55 Latest version is 1.6.5
2024-07-14 09:21:55 App is up to date.
2024-07-14 10:21:54 Checking for update using Github
2024-07-14 10:21:54 Success.
2024-07-14 10:21:54 Latest version is 1.6.5
2024-07-14 10:21:54 App is up to date.
2024-07-14 11:21:54 Checking for update using Github
2024-07-14 11:21:54 Success.
2024-07-14 11:21:54 Latest version is 1.6.5
2024-07-14 11:21:54 App is up to date.
2024-07-14 12:21:54 Checking for update using Github
2024-07-14 12:21:54 Success.
2024-07-14 12:21:54 Latest version is 1.6.5
2024-07-14 12:21:54 App is up to date.
2024-07-14 13:21:54 Checking for update using Github
2024-07-14 13:21:55 Success.
2024-07-14 13:21:55 Latest version is 1.6.5
2024-07-14 13:21:55 App is up to date.
2024-07-14 14:21:54 Checking for update using Github
2024-07-14 14:21:55 Success.
2024-07-14 14:21:55 Latest version is 1.6.5
2024-07-14 14:21:55 App is up to date.
2024-07-14 15:21:55 Checking for update using Github
2024-07-14 15:21:55 Success.
2024-07-14 15:21:55 Latest version is 1.6.5
2024-07-14 15:21:55 App is up to date.
2024-07-14 16:21:55 Checking for update using Github
2024-07-14 16:21:55 Success.
2024-07-14 16:21:55 Latest version is 1.6.5
2024-07-14 16:21:55 App is up to date.
2024-07-14 17:21:55 Checking for update using Github
2024-07-14 17:21:55 Success.
2024-07-14 17:21:55 Latest version is 1.6.5
2024-07-14 17:21:55 App is up to date.
2024-07-14 18:21:55 Checking for update using Github
2024-07-14 18:21:55 Success.
2024-07-14 18:21:55 Latest version is 1.6.5
2024-07-14 18:21:55 App is up to date.
2024-07-14 19:21:55 Checking for update using Github
2024-07-14 19:21:55 Success.
2024-07-14 19:21:55 Latest version is 1.6.5
2024-07-14 19:21:55 App is up to date.
2024-07-14 20:21:55 Checking for update using Github
2024-07-14 20:21:55 Success.
2024-07-14 20:21:55 Latest version is 1.6.5
2024-07-14 20:21:55 App is up to date.
2024-07-14 21:21:55 Checking for update using Github
2024-07-14 21:21:55 Success.
2024-07-14 21:21:55 Latest version is 1.6.5
2024-07-14 21:21:55 App is up to date.
2024-08-06 11:54:32 Loading main app package /usr/lib/obsidian/obsidian.asar
2024-08-06 11:54:32 Checking for update using Github
2024-08-06 11:54:33 Success.
2024-08-06 11:54:33 Latest version is 1.6.7
2024-08-06 11:54:33 App is up to date.
2024-08-06 12:54:32 Checking for update using Github
2024-08-06 12:54:32 Success.
2024-08-06 12:54:32 Latest version is 1.6.7
2024-08-06 12:54:32 App is up to date.
2024-08-06 13:54:32 Checking for update using Github
2024-08-06 13:54:33 Success.
2024-08-06 13:54:33 Latest version is 1.6.7
2024-08-06 13:54:33 App is up to date.
2024-08-06 14:54:32 Checking for update using Github
2024-08-06 14:54:33 Success.
2024-08-06 14:54:33 Latest version is 1.6.7
2024-08-06 14:54:33 App is up to date.
2024-08-06 15:54:32 Checking for update using Github
2024-08-06 15:54:33 Success.
2024-08-06 15:54:33 Latest version is 1.6.7
2024-08-06 15:54:33 App is up to date.
2024-08-06 16:54:33 Checking for update using Github
2024-08-06 16:54:33 Success.
2024-08-06 16:54:33 Latest version is 1.6.7
2024-08-06 16:54:33 App is up to date.
2024-08-06 17:54:33 Checking for update using Github
2024-08-06 17:54:33 Success.
2024-08-06 17:54:33 Latest version is 1.6.7
2024-08-06 17:54:33 App is up to date.
2024-08-06 18:54:33 Checking for update using Github
2024-08-06 18:54:33 Success.
2024-08-06 18:54:33 Latest version is 1.6.7
2024-08-06 18:54:33 App is up to date.
2024-08-06 19:54:33 Checking for update using Github
2024-08-06 19:54:33 Success.
2024-08-06 19:54:33 Latest version is 1.6.7
2024-08-06 19:54:33 App is up to date.
2024-08-06 20:54:33 Checking for update using Github
2024-08-06 20:54:33 Success.
2024-08-06 20:54:33 Latest version is 1.6.7
2024-08-06 20:54:33 App is up to date.
2024-08-20 17:44:22 Loading main app package /usr/lib/obsidian/obsidian.asar
2024-08-20 17:44:22 Checking for update using Github
2024-08-20 17:44:23 Success.
2024-08-20 17:44:23 Latest version is 1.6.7
2024-08-20 17:44:23 App is up to date.
2024-08-20 18:44:22 Checking for update using Github
2024-08-20 18:44:23 Success.
2024-08-20 18:44:23 Latest version is 1.6.7
2024-08-20 18:44:23 App is up to date.
2024-08-24 09:57:26 Loading main app package /usr/lib/obsidian/obsidian.asar
2024-08-24 09:57:27 Checking for update using Github
2024-08-24 09:57:27 Success.
2024-08-24 09:57:27 Latest version is 1.6.7
2024-08-24 09:57:27 App is up to date.
2024-08-24 10:57:26 Checking for update using Github
2024-08-24 10:57:27 Success.
2024-08-24 10:57:27 Latest version is 1.6.7
2024-08-24 10:57:27 App is up to date.
2024-08-24 11:57:26 Checking for update using Github
2024-08-24 11:57:26 Failed to check for update using Github (net::ERR_INTERNET_DISCONNECTED)
2024-08-24 11:57:26 Checking for update using obsidian.md
2024-08-24 11:57:26 Failed to check for update using obsidian.md (net::ERR_INTERNET_DISCONNECTED)
